perf_experiment_edgenet.json
A_dpa4_50_KNN Correlation_5.npy
Start Training
	(E:  1, B:   1) 0.9400 /  2.1973 - 0.6133s 
	(E:  1, B:   1) 0.8380 /  2.1972 - 0.8076s [VALIDATION (EdgeNet)]
	(E: 12, B:   6) 0.6800 /  1.6861 - 0.4222s 
	(E: 23, B:  11) 0.7200 /  1.5749 - 0.4183s 
	(E: 23, B:  11) 0.6990 /  1.5904 - 0.8893s [VALIDATION (EdgeNet)]
	=> New best achieved: 0.6990
	(E: 34, B:  16) 0.6000 /  1.5401 - 0.4131s 
	(E: 45, B:  21) 0.6500 /  1.5496 - 0.4147s 
	(E: 45, B:  21) 0.6710 /  1.5191 - 0.8810s [VALIDATION (EdgeNet)]
	=> New best achieved: 0.6710
	(E: 56, B:  26) 0.6500 /  1.4082 - 0.4010s 
	(E: 67, B:  31) 0.6250 /  1.4025 - 0.4124s 
	(E: 67, B:  31) 0.6390 /  1.4706 - 0.8540s [VALIDATION (EdgeNet)]
	=> New best achieved: 0.6390
	(E: 78, B:  36) 0.6050 /  1.3092 - 0.3908s 
	(E: 89, B:  41) 0.5950 /  1.3046 - 0.4243s 
	(E: 89, B:  41) 0.6170 /  1.4416 - 0.8476s [VALIDATION (EdgeNet)]
	=> New best achieved: 0.6170
=> Best validation achieved (E: 89, B: 41): 0.6170
Start Training
	(E:  1, B:   1) 0.9400 /  2.1972 - 0.4036s 
	(E:  1, B:   1) 0.8240 /  2.1971 - 0.8474s [VALIDATION (EdgeNet)]
	(E: 12, B:   6) 0.6850 /  1.6732 - 0.4244s 
	(E: 23, B:  11) 0.6750 /  1.6078 - 0.4171s 
	(E: 23, B:  11) 0.7090 /  1.5774 - 0.8718s [VALIDATION (EdgeNet)]
	=> New best achieved: 0.7090
	(E: 34, B:  16) 0.6500 /  1.4768 - 0.4076s 
	(E: 45, B:  21) 0.6300 /  1.4081 - 0.4116s 
	(E: 45, B:  21) 0.6640 /  1.5108 - 0.8717s [VALIDATION (EdgeNet)]
	=> New best achieved: 0.6640
	(E: 56, B:  26) 0.6250 /  1.3724 - 0.3875s 
	(E: 67, B:  31) 0.6050 /  1.3451 - 0.4037s 
	(E: 67, B:  31) 0.6470 /  1.4506 - 0.8219s [VALIDATION (EdgeNet)]
	=> New best achieved: 0.6470
	(E: 78, B:  36) 0.5700 /  1.3779 - 0.3520s 
	(E: 89, B:  41) 0.6000 /  1.3725 - 0.3821s 
	(E: 89, B:  41) 0.6340 /  1.4098 - 0.7942s [VALIDATION (EdgeNet)]
	=> New best achieved: 0.6340
=> Best validation achieved (E: 89, B: 41): 0.6340
Start Training
	(E:  1, B:   1) 0.9500 /  2.1973 - 0.4167s 
	(E:  1, B:   1) 0.8320 /  2.1972 - 0.8536s [VALIDATION (EdgeNet)]
	(E: 12, B:   6) 0.7050 /  1.5539 - 0.4186s 
	(E: 23, B:  11) 0.6350 /  1.4816 - 0.3989s 
	(E: 23, B:  11) 0.6700 /  1.5177 - 0.8474s [VALIDATION (EdgeNet)]
	=> New best achieved: 0.6700
	(E: 34, B:  16) 0.6600 /  1.4775 - 0.4224s 
	(E: 45, B:  21) 0.6450 /  1.4933 - 0.4089s 
	(E: 45, B:  21) 0.6410 /  1.4455 - 0.8447s [VALIDATION (EdgeNet)]
	=> New best achieved: 0.6410
	(E: 56, B:  26) 0.6500 /  1.5172 - 0.3911s 
	(E: 67, B:  31) 0.5800 /  1.3448 - 0.4169s 
	(E: 67, B:  31) 0.6250 /  1.3967 - 0.8616s [VALIDATION (EdgeNet)]
	=> New best achieved: 0.6250
	(E: 78, B:  36) 0.6450 /  1.5353 - 0.4095s 
	(E: 89, B:  41) 0.6150 /  1.3600 - 0.3810s 
	(E: 89, B:  41) 0.5960 /  1.3549 - 0.8198s [VALIDATION (EdgeNet)]
	=> New best achieved: 0.5960
=> Best validation achieved (E: 89, B: 41): 0.5960
Start Training
	(E:  1, B:   1) 0.9050 /  2.1972 - 0.4145s 
	(E:  1, B:   1) 0.7920 /  2.1971 - 0.8910s [VALIDATION (EdgeNet)]
	(E: 12, B:   6) 0.6800 /  1.6298 - 0.4227s 
	(E: 23, B:  11) 0.6600 /  1.4924 - 0.4010s 
	(E: 23, B:  11) 0.6910 /  1.5508 - 0.8801s [VALIDATION (EdgeNet)]
	=> New best achieved: 0.6910
	(E: 34, B:  16) 0.6050 /  1.4380 - 0.4316s 
	(E: 45, B:  21) 0.6000 /  1.4292 - 0.4173s 
	(E: 45, B:  21) 0.6650 /  1.4786 - 0.8791s [VALIDATION (EdgeNet)]
	=> New best achieved: 0.6650
	(E: 56, B:  26) 0.5950 /  1.4923 - 0.4210s 
	(E: 67, B:  31) 0.6650 /  1.4532 - 0.4098s 
	(E: 67, B:  31) 0.6240 /  1.4198 - 0.8492s [VALIDATION (EdgeNet)]
	=> New best achieved: 0.6240
